ringdroid/build/outputs/logs/manifest-merger-debug-report.txt
-- Merging decision tree log ---
manifest
ADDED from src\main\AndroidManifest.xml:22:1-84:12
	package
		ADDED from src\main\AndroidManifest.xml:23:11-34
		INJECTED from src\main\AndroidManifest.xml
		INJECTED from src\main\AndroidManifest.xml
	android:versionName
		ADDED from src\main\AndroidManifest.xml:24:11-38
		INJECTED from src\main\AndroidManifest.xml
		INJECTED from src\main\AndroidManifest.xml
	android:versionCode
		ADDED from src\main\AndroidManifest.xml:25:11-38
		INJECTED from src\main\AndroidManifest.xml
		INJECTED from src\main\AndroidManifest.xml
	xmlns:android
		ADDED from src\main\AndroidManifest.xml:22:11-69
uses-sdk
ADDED from src\main\AndroidManifest.xml:27:5-28:46
	android:targetSdkVersion
		ADDED from src\main\AndroidManifest.xml:28:15-44
		INJECTED from src\main\AndroidManifest.xml
		INJECTED from src\main\AndroidManifest.xml
	android:minSdkVersion
		ADDED from src\main\AndroidManifest.xml:27:15-41
		INJECTED from src\main\AndroidManifest.xml
		INJECTED from src\main\AndroidManifest.xml
uses-permission#android.permission.READ_CONTACTS
ADDED from src\main\AndroidManifest.xml:30:5-72
	android:name
		ADDED from src\main\AndroidManifest.xml:30:22-69
uses-permission#android.permission.WRITE_CONTACTS
ADDED from src\main\AndroidManifest.xml:31:5-73
	android:name
		ADDED from src\main\AndroidManifest.xml:31:22-70
uses-permission#android.permission.WRITE_SETTINGS
ADDED from src\main\AndroidManifest.xml:32:5-73
	android:name
		ADDED from src\main\AndroidManifest.xml:32:22-70
uses-permission#android.permission.WRITE_EXTERNAL_STORAGE
ADDED from src\main\AndroidManifest.xml:33:5-81
	android:name
		ADDED from src\main\AndroidManifest.xml:33:22-78
uses-permission#android.permission.RECORD_AUDIO
ADDED from src\main\AndroidManifest.xml:34:5-70
	android:name
		ADDED from src\main\AndroidManifest.xml:34:22-68
supports-screens
ADDED from src\main\AndroidManifest.xml:36:5-51
	android:anyDensity
		ADDED from src\main\AndroidManifest.xml:36:23-48
application
ADDED from src\main\AndroidManifest.xml:38:5-82:19
	android:label
		ADDED from src\main\AndroidManifest.xml:38:18-60
	android:allowBackup
		ADDED from src\main\AndroidManifest.xml:42:18-44
	android:icon
		ADDED from src\main\AndroidManifest.xml:39:18-56
	android:largeHeap
		ADDED from src\main\AndroidManifest.xml:41:18-42
	android:theme
		ADDED from src\main\AndroidManifest.xml:40:18-59
activity#com.ringdroid.RingdroidSelectActivity
ADDED from src\main\AndroidManifest.xml:46:9-61:20
	android:label
		ADDED from src\main\AndroidManifest.xml:47:19-62
	android:name
		ADDED from src\main\AndroidManifest.xml:46:19-57
intent-filter#android.intent.action.MAIN+android.intent.category.DEFAULT+android.intent.category.LAUNCHER
ADDED from src\main\AndroidManifest.xml:48:13-52:29
action#android.intent.action.MAIN
ADDED from src\main\AndroidManifest.xml:49:17-69
	android:name
		ADDED from src\main\AndroidManifest.xml:49:25-66
category#android.intent.category.DEFAULT
ADDED from src\main\AndroidManifest.xml:50:17-76
	android:name
		ADDED from src\main\AndroidManifest.xml:50:27-73
category#android.intent.category.LAUNCHER
ADDED from src\main\AndroidManifest.xml:51:17-77
	android:name
		ADDED from src\main\AndroidManifest.xml:51:27-74
intent-filter#android.intent.action.GET_CONTENT+android.intent.category.DEFAULT+android.intent.category.OPENABLE
ADDED from src\main\AndroidManifest.xml:54:13-59:29
action#android.intent.action.GET_CONTENT
ADDED from src\main\AndroidManifest.xml:55:17-76
	android:name
		ADDED from src\main\AndroidManifest.xml:55:25-73
category#android.intent.category.OPENABLE
ADDED from src\main\AndroidManifest.xml:57:17-77
	android:name
		ADDED from src\main\AndroidManifest.xml:57:27-74
data
ADDED from src\main\AndroidManifest.xml:58:17-52
	android:mimeType
		ADDED from src\main\AndroidManifest.xml:58:23-49
activity#com.ringdroid.RingdroidEditActivity
ADDED from src\main\AndroidManifest.xml:67:9-75:20
	android:hardwareAccelerated
		ADDED from src\main\AndroidManifest.xml:70:19-53
	android:windowSoftInputMode
		ADDED from src\main\AndroidManifest.xml:69:19-61
	android:configChanges
		ADDED from src\main\AndroidManifest.xml:68:19-80
	android:name
		ADDED from src\main\AndroidManifest.xml:67:19-55
intent-filter#android.intent.action.EDIT
ADDED from src\main\AndroidManifest.xml:71:13-74:29
	android:label
		ADDED from src\main\AndroidManifest.xml:71:28-63
action#android.intent.action.EDIT
ADDED from src\main\AndroidManifest.xml:72:17-69
	android:name
		ADDED from src\main\AndroidManifest.xml:72:25-66
activity#com.ringdroid.ChooseContactActivity
ADDED from src\main\AndroidManifest.xml:78:9-80:20
	android:configChanges
		ADDED from src\main\AndroidManifest.xml:79:19-69
	android:name
		ADDED from src\main\AndroidManifest.xml:78:19-55